SF:lib/core/errors/failure.dart
DA:4,1
DA:8,1
DA:9,2
DA:13,2
DA:17,2
LF:5
LH:5
end_of_record
SF:lib/features/movie/data/datasource/remote_data_source.dart
DA:13,1
DA:17,1
DA:19,2
DA:20,2
DA:21,2
DA:23,1
DA:27,1
DA:29,2
DA:30,2
DA:31,1
DA:32,3
DA:33,1
DA:35,1
LF:13
LH:13
end_of_record
SF:lib/features/movie/repositories/movie_repository_impl.dart
DA:12,1
DA:16,1
DA:19,3
DA:20,1
DA:21,2
DA:22,1
DA:23,2
DA:27,1
DA:30,3
DA:31,1
DA:32,2
DA:33,1
DA:34,2
LF:13
LH:13
end_of_record
SF:lib/features/movie/data/models/movie_model.dart
DA:4,4
DA:11,2
DA:12,2
DA:13,2
DA:14,2
DA:15,2
DA:16,2
LF:7
LH:7
end_of_record
SF:lib/features/movie/domain/entities/movie_entity.dart
DA:4,5
DA:16,2
DA:17,2
DA:18,2
DA:19,2
DA:20,2
DA:21,2
LF:7
LH:7
end_of_record
SF:lib/features/movie/domain/entities/similar_entity.dart
DA:4,5
DA:14,2
DA:15,2
DA:16,2
DA:17,2
DA:18,2
LF:6
LH:6
end_of_record
SF:lib/features/movie/data/models/similar_model.dart
DA:4,4
DA:10,2
DA:11,2
DA:12,2
DA:13,2
DA:14,2
LF:6
LH:6
end_of_record
SF:lib/features/movie/domain/usecases/get_movie.dart
DA:7,1
DA:11,1
DA:12,2
LF:3
LH:3
end_of_record
SF:lib/features/movie/domain/usecases/get_similar.dart
DA:7,1
DA:11,1
DA:12,2
LF:3
LH:3
end_of_record
SF:lib/main.dart
DA:3,0
DA:4,0
DA:8,2
DA:11,1
DA:13,1
DA:15,1
DA:33,1
DA:46,1
DA:47,1
DA:53,1
DA:54,2
DA:60,2
DA:64,1
DA:72,1
DA:73,1
DA:76,3
DA:78,1
DA:81,1
DA:97,1
DA:101,1
DA:102,2
DA:103,3
DA:108,1
DA:109,1
LF:24
LH:22
end_of_record
